[17:51:40] [main/WARN]: Ambiguity between arguments [teleport, destination] and [teleport, targets] with inputs: [Player, 0123, @e, dd12be42-52a9-4a91-a8a1-11c01849e498]
[17:51:40] [main/WARN]: Ambiguity between arguments [teleport, location] and [teleport, destination] with inputs: [0.1 -0.5 .9, 0 0 0]
[17:51:40] [main/WARN]: Ambiguity between arguments [teleport, location] and [teleport, targets] with inputs: [0.1 -0.5 .9, 0 0 0]
[17:51:40] [main/WARN]: Ambiguity between arguments [teleport, targets] and [teleport, destination] with inputs: [Player, 0123, dd12be42-52a9-4a91-a8a1-11c01849e498]
[17:51:40] [main/WARN]: Ambiguity between arguments [teleport, targets, location] and [teleport, targets, destination] with inputs: [0.1 -0.5 .9, 0 0 0]
[17:51:40] [Server thread/INFO]: Starting minecraft server version 1.15.2
[17:51:40] [Server thread/INFO]: Loading properties
[17:51:40] [Server thread/INFO]: Default game type: SURVIVAL
[17:51:40] [Server thread/INFO]: Generating keypair
[17:51:40] [Server thread/INFO]: Starting Minecraft server on 10.108.41.91:25565
[17:51:40] [Server thread/INFO]: Using default channel type
[17:51:41] [Server thread/WARN]: **** SERVER IS RUNNING IN OFFLINE/INSECURE MODE!
[17:51:41] [Server thread/WARN]: The server will make no attempt to authenticate usernames. Beware.
[17:51:41] [Server thread/WARN]: While this makes the game possible to play without internet access, it also opens up the ability for hackers to connect with any username they choose.
[17:51:41] [Server thread/WARN]: To change this, set "online-mode" to "true" in the server.properties file.
[17:51:41] [Server thread/INFO]: Preparing level "world"
[17:51:41] [Server thread/INFO]: Reloading ResourceManager: Default, recycling.zip, COVID-ISERL.zip
[17:51:41] [Server thread/INFO]: Loaded 6 recipes
[17:51:42] [Server thread/INFO]: Loaded 18 custom command functions
[17:51:42] [Server thread/INFO]: Loaded 825 advancements
[17:51:42] [Server thread/INFO]: Preparing start region for dimension minecraft:overworld
[17:51:43] [Server thread/INFO]: Preparing spawn area: 0%
[17:51:43] [Server thread/INFO]: Preparing spawn area: 0%
[17:51:43] [Server thread/INFO]: Preparing spawn area: 0%
[17:51:44] [Server-Worker-2/INFO]: Preparing spawn area: 0%
[17:51:44] [Server-Worker-6/INFO]: Preparing spawn area: 0%
[17:51:45] [Server thread/INFO]: Time elapsed: 2420 ms
[17:51:45] [Server thread/INFO]: Done (3.969s)! For help, type "help"
[17:52:01] [Server thread/INFO]: PechTK[/10.108.41.91:64247] logged in with entity id 290 at (-26.86064577750327, 63.0, -191.4851114686423)
[17:52:01] [Server thread/INFO]: PechTK joined the game
[17:52:15] [Server thread/INFO]: First-AP[/10.70.20.82:50346] logged in with entity id 917 at (-44.12750406804045, 68.0, -256.0234932750841)
[17:52:15] [Server thread/INFO]: First-AP joined the game
[17:52:49] [Server thread/INFO]: First-AP lost connection: Timed out
[17:52:49] [Server thread/INFO]: First-AP left the game
[17:53:30] [Server thread/INFO]: First-AP[/10.70.20.82:50349] logged in with entity id 1322 at (-44.12750406804045, 68.0, -256.0234932750841)
[17:53:30] [Server thread/INFO]: First-AP joined the game
[17:54:04] [Server thread/INFO]: First-AP lost connection: Timed out
[17:54:04] [Server thread/INFO]: First-AP left the game
[17:54:21] [Server thread/INFO]: First-AP[/10.70.20.82:50353] logged in with entity id 1490 at (-44.12750406804045, 68.0, -256.0234932750841)
[17:54:21] [Server thread/INFO]: First-AP joined the game
[17:54:54] [Server thread/INFO]: First-AP lost connection: Disconnected
[17:54:54] [Server thread/INFO]: First-AP left the game
[17:55:13] [Server thread/INFO]: First-AP[/10.70.20.82:50357] logged in with entity id 1654 at (-44.12750406804045, 68.0, -256.0234932750841)
[17:55:13] [Server thread/INFO]: First-AP joined the game
[17:55:31] [Server thread/INFO]: PechTK lost connection: Disconnected
[17:55:31] [Server thread/INFO]: PechTK left the game
[17:55:31] [Server thread/INFO]: First-AP lost connection: Disconnected
[17:55:31] [Server thread/INFO]: First-AP left the game
